00:00:00.002155 main     VirtualBox XPCOM Server 6.0.4 r128413 linux.amd64 (Jan 25 2019 21:00:14) release log
00:00:00.002162 main     Log opened 2019-04-07T15:36:13.187130000Z
00:00:00.002163 main     Build Type: release
00:00:00.002170 main     OS Product: Linux
00:00:00.002172 main     OS Release: 4.18.0-17-generic
00:00:00.002173 main     OS Version: #18~18.04.1-Ubuntu SMP Fri Mar 15 15:27:12 UTC 2019
00:00:00.002235 main     DMI Product Name: MS-7B84
00:00:00.002245 main     DMI Product Version: 1.0
00:00:00.002308 main     Host RAM: 15043MB (14.6GB) total, 12941MB (12.6GB) available
00:00:00.002314 main     Executable: /usr/lib/virtualbox/VBoxSVC
00:00:00.002314 main     Process ID: 31558
00:00:00.002315 main     Package type: LINUX_64BITS__UBUNTU_18_04
00:00:00.005531 main     IPC socket path: /tmp/.vbox-pascal-ipc/ipcd
00:00:00.112118 nspr-2   VirtualBox: object creation starts
00:00:00.112710 nspr-2   Home directory: '/home/pascal/.config/VirtualBox'
00:00:00.113058 nspr-2   Loading settings file "/home/pascal/.config/VirtualBox/VirtualBox.xml" with version "1.12-linux"
00:00:00.123508 nspr-2   NAT: resolv.conf: nameserver 127.0.0.53
00:00:00.123533 nspr-2   NAT: resolv.conf: ignoring "options edns0"
00:00:00.123554 nspr-2   HostDnsMonitor::updateInfo
00:00:00.124177 nspr-2   HostDnsMonitor: old information
00:00:00.124185 nspr-2     no server entries
00:00:00.124190 nspr-2     no domain set
00:00:00.124193 nspr-2     no search string entries
00:00:00.124197 nspr-2   HostDnsMonitor: new information
00:00:00.124201 nspr-2     server 1: 127.0.0.53
00:00:00.124207 nspr-2     domain: home
00:00:00.124211 nspr-2     search string 1: home
00:00:00.127093 nspr-2   SUPR0QueryVTCaps -> VERR_SVM_DISABLED
00:00:00.128620 nspr-2   VD: VDInit finished with VINF_SUCCESS
00:00:00.131046 nspr-2   VirtualBox: object created
00:00:01.707192 nspr-2   Saving settings file "/home/pascal/.config/VirtualBox/VirtualBox.xml" with version "1.12-linux"
00:00:01.713441 nspr-2   Saving settings file "/home/pascal/.config/VirtualBox/VirtualBox.xml" with version "1.12-linux"
00:00:04.146235 nspr-3   Saving settings file "/home/pascal/.config/VirtualBox/VirtualBox.xml" with version "1.12-linux"
00:00:04.150875 nspr-3   Saving settings file "/home/pascal/.config/VirtualBox/VirtualBox.xml" with version "1.12-linux"
00:00:10.160736 main     VirtualBox: object deletion starts
00:00:10.632691 Watcher  ERROR [COM]: aRC=E_ACCESSDENIED (0x80070005) aIID={d0a0163f-e254-4e5b-a1f2-011cf991c38d} aComponent={VirtualBoxWrap} aText={The object is not ready}, preserve=false aResultDetail=0
00:00:15.161210 main     {00007f0268017050} HostPowerServiceLinux::~HostPowerServiceLinux: RTThreadWait() for 5000 ms failed with VERR_TIMEOUT
00:00:15.161412 main     VirtualBox: object deleted
